<?xml version="1.0" encoding="UTF-8"?>
<!-- Generated by org.testng.reporters.JUnitXMLReporter -->
<testsuite ignored="0" hostname="DESKTOP-VBE86CG" failures="0" tests="5" name="Test" time="66.632" errors="0" timestamp="2024-07-18T20:06:14 IST">
  <testcase classname="Assignment1.Amazon_Using_Maven.TestCase1" name="Login_amazon" time="4.965"/>
  <testcase classname="Assignment1.Amazon_Using_Maven.TestCase2" name="Login_amazon_Home_Page" time="8.97"/>
  <testcase classname="Assignment1.Amazon_Using_Maven.TestCase3" name="Amazon_searchresult_page" time="14.682"/>
  <testcase classname="Assignment1.Amazon_Using_Maven.TestCase4" name="Amazon_product_Page" time="15.395"/>
  <testcase classname="Assignment1.Amazon_Using_Maven.TestCase5" name="Amazon_CheckOut_page" time="22.594"/>
</testsuite> <!-- Test -->
